<?xml version="1.0" encoding="UTF-8"?>
<testsuite xmlns:xsi="http://www.w3.org/2001/XMLSchema-instance" xsi:noNamespaceSchemaLocation="https://maven.apache.org/surefire/maven-surefire-plugin/xsd/surefire-test-report-3.0.xsd" version="3.0" name="UserServiceTest" time="3.176" tests="6" errors="0" skipped="0" failures="0">
  <properties>
[...]
</properties>
  <testcase name="saveUser" classname="UserServiceTest" time="2.281">
    <system-out><![CDATA[Hibernate: DROP TABLE IF EXISTS users;
Dropping users table
Hibernate: CREATE TABLE IF NOT EXISTS users (id BIGSERIAL NOT NULL PRIMARY KEY,name VARCHAR(64) NOT NULL,last_Name VARCHAR(64) NOT NULL,age SMALLINT CHECK(age>=0) NOT NULL);
Creating users table
Hibernate: insert into users (age,last_Name,name) values (?,?,?)
Saving user: Ivan Ivanov 5
Hibernate: select u1_0.id,u1_0.age,u1_0.last_Name,u1_0.name from users u1_0
]]></system-out>
    <system-err><![CDATA[мар. 15, 2025 12:54:47 AM org.hibernate.Version logVersion
INFO: HHH000412: Hibernate ORM core version 6.6.4.Final
мар. 15, 2025 12:54:47 AM org.hibernate.cfg.Environment <clinit>
INFO: HHH000205: Loaded properties from resource hibernate.properties: {hibernate.dialect=org.hibernate.dialect.PostgreSQLDialect, hibernate.driver_class=org.postgresql.Driver, hibernate.connection.password=****, hibernate.connection.username=postgres, hibernate.connection.url=jdbc:postgresql://localhost:5432/myDB, hibernate.show_sql=true, hibernate.current_session_context_class=thread}
мар. 15, 2025 12:54:47 AM org.hibernate.cache.internal.RegionFactoryInitiator initiateService
INFO: HHH000026: Second-level cache disabled
мар. 15, 2025 12:54:47 AM org.hibernate.engine.jdbc.connections.internal.DriverManagerConnectionProviderImpl configure
WARN: HHH10001002: Using built-in connection pool (not intended for production use)
мар. 15, 2025 12:54:48 AM org.hibernate.engine.jdbc.dialect.internal.DialectFactoryImpl constructDialect
WARN: HHH90000025: PostgreSQLDialect does not need to be specified explicitly using 'hibernate.dialect' (remove the property setting and it will be selected by default)
мар. 15, 2025 12:54:48 AM org.hibernate.engine.jdbc.env.internal.JdbcEnvironmentInitiator initiateService
INFO: HHH10001005: Database info:
	Database JDBC URL [jdbc:postgresql://localhost:5432/myDB]
	Database driver: org.postgresql.Driver
	Database version: 17.4
	Autocommit mode: false
	Isolation level: undefined/unknown
	Minimum pool size: 1
	Maximum pool size: 20
]]></system-err>
  </testcase>
  <testcase name="removeUserById" classname="UserServiceTest" time="0.162">
    <system-out><![CDATA[Hibernate: DROP TABLE IF EXISTS users;
Dropping users table
Hibernate: CREATE TABLE IF NOT EXISTS users (id BIGSERIAL NOT NULL PRIMARY KEY,name VARCHAR(64) NOT NULL,last_Name VARCHAR(64) NOT NULL,age SMALLINT CHECK(age>=0) NOT NULL);
Creating users table
Hibernate: insert into users (age,last_Name,name) values (?,?,?)
Saving user: Ivan Ivanov 5
Hibernate: select u1_0.id,u1_0.age,u1_0.last_Name,u1_0.name from users u1_0 where u1_0.id=?
Hibernate: delete from users where id=?
Removing user by id: 1
]]></system-out>
    <system-err><![CDATA[мар. 15, 2025 12:54:49 AM org.hibernate.cache.internal.RegionFactoryInitiator initiateService
INFO: HHH000026: Second-level cache disabled
мар. 15, 2025 12:54:49 AM org.hibernate.engine.jdbc.connections.internal.DriverManagerConnectionProviderImpl configure
WARN: HHH10001002: Using built-in connection pool (not intended for production use)
мар. 15, 2025 12:54:49 AM org.hibernate.engine.jdbc.dialect.internal.DialectFactoryImpl constructDialect
WARN: HHH90000025: PostgreSQLDialect does not need to be specified explicitly using 'hibernate.dialect' (remove the property setting and it will be selected by default)
мар. 15, 2025 12:54:49 AM org.hibernate.engine.jdbc.env.internal.JdbcEnvironmentInitiator initiateService
INFO: HHH10001005: Database info:
	Database JDBC URL [jdbc:postgresql://localhost:5432/myDB]
	Database driver: org.postgresql.Driver
	Database version: 17.4
	Autocommit mode: false
	Isolation level: undefined/unknown
	Minimum pool size: 1
	Maximum pool size: 20
]]></system-err>
  </testcase>
  <testcase name="getAllUsers" classname="UserServiceTest" time="0.15">
    <system-out><![CDATA[Hibernate: DROP TABLE IF EXISTS users;
Dropping users table
Hibernate: CREATE TABLE IF NOT EXISTS users (id BIGSERIAL NOT NULL PRIMARY KEY,name VARCHAR(64) NOT NULL,last_Name VARCHAR(64) NOT NULL,age SMALLINT CHECK(age>=0) NOT NULL);
Creating users table
Hibernate: insert into users (age,last_Name,name) values (?,?,?)
Saving user: Ivan Ivanov 5
Hibernate: select u1_0.id,u1_0.age,u1_0.last_Name,u1_0.name from users u1_0
]]></system-out>
    <system-err><![CDATA[мар. 15, 2025 12:54:49 AM org.hibernate.cache.internal.RegionFactoryInitiator initiateService
INFO: HHH000026: Second-level cache disabled
мар. 15, 2025 12:54:49 AM org.hibernate.engine.jdbc.connections.internal.DriverManagerConnectionProviderImpl configure
WARN: HHH10001002: Using built-in connection pool (not intended for production use)
мар. 15, 2025 12:54:49 AM org.hibernate.engine.jdbc.dialect.internal.DialectFactoryImpl constructDialect
WARN: HHH90000025: PostgreSQLDialect does not need to be specified explicitly using 'hibernate.dialect' (remove the property setting and it will be selected by default)
мар. 15, 2025 12:54:49 AM org.hibernate.engine.jdbc.env.internal.JdbcEnvironmentInitiator initiateService
INFO: HHH10001005: Database info:
	Database JDBC URL [jdbc:postgresql://localhost:5432/myDB]
	Database driver: org.postgresql.Driver
	Database version: 17.4
	Autocommit mode: false
	Isolation level: undefined/unknown
	Minimum pool size: 1
	Maximum pool size: 20
]]></system-err>
  </testcase>
  <testcase name="dropUsersTable" classname="UserServiceTest" time="0.135">
    <system-out><![CDATA[Hibernate: DROP TABLE IF EXISTS users;
Dropping users table
Hibernate: DROP TABLE IF EXISTS users;
Dropping users table
]]></system-out>
    <system-err><![CDATA[мар. 15, 2025 12:54:49 AM org.hibernate.cache.internal.RegionFactoryInitiator initiateService
INFO: HHH000026: Second-level cache disabled
мар. 15, 2025 12:54:49 AM org.hibernate.engine.jdbc.connections.internal.DriverManagerConnectionProviderImpl configure
WARN: HHH10001002: Using built-in connection pool (not intended for production use)
мар. 15, 2025 12:54:49 AM org.hibernate.engine.jdbc.dialect.internal.DialectFactoryImpl constructDialect
WARN: HHH90000025: PostgreSQLDialect does not need to be specified explicitly using 'hibernate.dialect' (remove the property setting and it will be selected by default)
мар. 15, 2025 12:54:49 AM org.hibernate.engine.jdbc.env.internal.JdbcEnvironmentInitiator initiateService
INFO: HHH10001005: Database info:
	Database JDBC URL [jdbc:postgresql://localhost:5432/myDB]
	Database driver: org.postgresql.Driver
	Database version: 17.4
	Autocommit mode: false
	Isolation level: undefined/unknown
	Minimum pool size: 1
	Maximum pool size: 20
]]></system-err>
  </testcase>
  <testcase name="createUsersTable" classname="UserServiceTest" time="0.233">
    <system-out><![CDATA[Hibernate: DROP TABLE IF EXISTS users;
Dropping users table
Hibernate: CREATE TABLE IF NOT EXISTS users (id BIGSERIAL NOT NULL PRIMARY KEY,name VARCHAR(64) NOT NULL,last_Name VARCHAR(64) NOT NULL,age SMALLINT CHECK(age>=0) NOT NULL);
Creating users table
]]></system-out>
    <system-err><![CDATA[мар. 15, 2025 12:54:50 AM org.hibernate.cache.internal.RegionFactoryInitiator initiateService
INFO: HHH000026: Second-level cache disabled
мар. 15, 2025 12:54:50 AM org.hibernate.engine.jdbc.connections.internal.DriverManagerConnectionProviderImpl configure
WARN: HHH10001002: Using built-in connection pool (not intended for production use)
мар. 15, 2025 12:54:50 AM org.hibernate.engine.jdbc.dialect.internal.DialectFactoryImpl constructDialect
WARN: HHH90000025: PostgreSQLDialect does not need to be specified explicitly using 'hibernate.dialect' (remove the property setting and it will be selected by default)
мар. 15, 2025 12:54:50 AM org.hibernate.engine.jdbc.env.internal.JdbcEnvironmentInitiator initiateService
INFO: HHH10001005: Database info:
	Database JDBC URL [jdbc:postgresql://localhost:5432/myDB]
	Database driver: org.postgresql.Driver
	Database version: 17.4
	Autocommit mode: false
	Isolation level: undefined/unknown
	Minimum pool size: 1
	Maximum pool size: 20
]]></system-err>
  </testcase>
  <testcase name="cleanUsersTable" classname="UserServiceTest" time="0.165">
    <system-out><![CDATA[Hibernate: DROP TABLE IF EXISTS users;
Dropping users table
Hibernate: CREATE TABLE IF NOT EXISTS users (id BIGSERIAL NOT NULL PRIMARY KEY,name VARCHAR(64) NOT NULL,last_Name VARCHAR(64) NOT NULL,age SMALLINT CHECK(age>=0) NOT NULL);
Creating users table
Hibernate: insert into users (age,last_Name,name) values (?,?,?)
Saving user: Ivan Ivanov 5
Hibernate: delete from users u1_0
Cleaning users table
Hibernate: select u1_0.id,u1_0.age,u1_0.last_Name,u1_0.name from users u1_0
]]></system-out>
    <system-err><![CDATA[мар. 15, 2025 12:54:50 AM org.hibernate.cache.internal.RegionFactoryInitiator initiateService
INFO: HHH000026: Second-level cache disabled
мар. 15, 2025 12:54:50 AM org.hibernate.engine.jdbc.connections.internal.DriverManagerConnectionProviderImpl configure
WARN: HHH10001002: Using built-in connection pool (not intended for production use)
мар. 15, 2025 12:54:50 AM org.hibernate.engine.jdbc.dialect.internal.DialectFactoryImpl constructDialect
WARN: HHH90000025: PostgreSQLDialect does not need to be specified explicitly using 'hibernate.dialect' (remove the property setting and it will be selected by default)
мар. 15, 2025 12:54:50 AM org.hibernate.engine.jdbc.env.internal.JdbcEnvironmentInitiator initiateService
INFO: HHH10001005: Database info:
	Database JDBC URL [jdbc:postgresql://localhost:5432/myDB]
	Database driver: org.postgresql.Driver
	Database version: 17.4
	Autocommit mode: false
	Isolation level: undefined/unknown
	Minimum pool size: 1
	Maximum pool size: 20
]]></system-err>
  </testcase>
</testsuite>